Harry Spotter/Temp/gradleOut/launcher/build/outputs/logs/manifest-merger-release-report.txt
-- Merging decision tree log ---
manifest
ADDED from src/main/AndroidManifest.xml:3:1-6:12
INJECTED from src/main/AndroidManifest.xml:3:1-6:12
INJECTED from src/main/AndroidManifest.xml:3:1-6:12
INJECTED from src/main/AndroidManifest.xml:3:1-6:12
MERGED from [:unityLibrary] AndroidManifest.xml:3:1-80:12
MERGED from [com.google.ar:core:1.10.0] AndroidManifest.xml:17:1-46:12
MERGED from [:NativeCamera:] AndroidManifest.xml:2:1-15:12
MERGED from [:VuforiaWrapper:] AndroidManifest.xml:2:1-15:12
MERGED from [:animated-vector-drawable-25.1.0:] AndroidManifest.xml:17:1-24:12
MERGED from [:appcompat-v7-25.1.0:] AndroidManifest.xml:17:1-27:12
MERGED from [:com.mapbox.android.unity-debug:] AndroidManifest.xml:2:1-18:12
MERGED from [:libcore-release:] AndroidManifest.xml:2:1-14:12
MERGED from [:libtelemetry-full-release:] AndroidManifest.xml:2:1-30:12
MERGED from [:support-compat-25.1.0:] AndroidManifest.xml:17:1-27:12
MERGED from [:support-core-ui-25.1.0:] AndroidManifest.xml:17:1-27:12
MERGED from [:support-core-utils-25.1.0:] AndroidManifest.xml:17:1-27:12
MERGED from [:support-media-compat-25.1.0:] AndroidManifest.xml:17:1-27:12
MERGED from [:support-v4-25.1.0:] AndroidManifest.xml:17:1-27:12
MERGED from [:support-vector-drawable-25.1.0:] AndroidManifest.xml:17:1-25:12
INJECTED from src/main/AndroidManifest.xml:3:1-6:12
INJECTED from src/main/AndroidManifest.xml:3:1-6:12
INJECTED from src/main/AndroidManifest.xml:3:1-6:12
	package
		ADDED from src/main/AndroidManifest.xml:3:70-109
		INJECTED from src/main/AndroidManifest.xml
		INJECTED from src/main/AndroidManifest.xml
	android:versionName
		INJECTED from src/main/AndroidManifest.xml
		ADDED from src/main/AndroidManifest.xml:3:1-6:12
		INJECTED from src/main/AndroidManifest.xml
	xmlns:tools
		ADDED from src/main/AndroidManifest.xml:3:110-156
	android:versionCode
		INJECTED from src/main/AndroidManifest.xml
		ADDED from src/main/AndroidManifest.xml:3:1-6:12
		INJECTED from src/main/AndroidManifest.xml
	xmlns:android
		ADDED from src/main/AndroidManifest.xml:3:11-69
	android:installLocation
		ADDED from src/main/AndroidManifest.xml:3:157-197
supports-screens
ADDED from src/main/AndroidManifest.xml:4:3-163
	android:largeScreens
		ADDED from src/main/AndroidManifest.xml:4:78-105
	android:smallScreens
		ADDED from src/main/AndroidManifest.xml:4:21-48
	android:normalScreens
		ADDED from src/main/AndroidManifest.xml:4:49-77
	android:xlargeScreens
		ADDED from src/main/AndroidManifest.xml:4:106-134
	android:anyDensity
		ADDED from src/main/AndroidManifest.xml:4:135-160
application
ADDED from src/main/AndroidManifest.xml:5:3-83
MERGED from [:unityLibrary] AndroidManifest.xml:47:5-78:19
MERGED from [:unityLibrary] AndroidManifest.xml:47:5-78:19
MERGED from [com.google.ar:core:1.10.0] AndroidManifest.xml:30:5-44:19
MERGED from [com.google.ar:core:1.10.0] AndroidManifest.xml:30:5-44:19
MERGED from [:NativeCamera:] AndroidManifest.xml:3:2-9:16
MERGED from [:NativeCamera:] AndroidManifest.xml:3:2-9:16
MERGED from [:animated-vector-drawable-25.1.0:] AndroidManifest.xml:22:5-20
MERGED from [:animated-vector-drawable-25.1.0:] AndroidManifest.xml:22:5-20
MERGED from [:appcompat-v7-25.1.0:] AndroidManifest.xml:25:5-20
MERGED from [:appcompat-v7-25.1.0:] AndroidManifest.xml:25:5-20
MERGED from [:libtelemetry-full-release:] AndroidManifest.xml:18:5-28:19
MERGED from [:libtelemetry-full-release:] AndroidManifest.xml:18:5-28:19
MERGED from [:support-compat-25.1.0:] AndroidManifest.xml:25:5-20
MERGED from [:support-compat-25.1.0:] AndroidManifest.xml:25:5-20
MERGED from [:support-core-ui-25.1.0:] AndroidManifest.xml:25:5-20
MERGED from [:support-core-ui-25.1.0:] AndroidManifest.xml:25:5-20
MERGED from [:support-core-utils-25.1.0:] AndroidManifest.xml:25:5-20
MERGED from [:support-core-utils-25.1.0:] AndroidManifest.xml:25:5-20
MERGED from [:support-media-compat-25.1.0:] AndroidManifest.xml:25:5-20
MERGED from [:support-media-compat-25.1.0:] AndroidManifest.xml:25:5-20
MERGED from [:support-v4-25.1.0:] AndroidManifest.xml:25:5-20
MERGED from [:support-v4-25.1.0:] AndroidManifest.xml:25:5-20
MERGED from [:support-vector-drawable-25.1.0:] AndroidManifest.xml:23:5-20
MERGED from [:support-vector-drawable-25.1.0:] AndroidManifest.xml:23:5-20
	android:label
		ADDED from src/main/AndroidManifest.xml:5:16-48
	android:icon
		ADDED from src/main/AndroidManifest.xml:5:49-80
uses-sdk
INJECTED from src/main/AndroidManifest.xml reason: use-sdk injection requested
INJECTED from src/main/AndroidManifest.xml
INJECTED from src/main/AndroidManifest.xml
MERGED from [:unityLibrary] AndroidManifest.xml:9:5-11:41
MERGED from [:unityLibrary] AndroidManifest.xml:9:5-11:41
MERGED from [com.google.ar:core:1.10.0] AndroidManifest.xml:26:5-28:41
MERGED from [com.google.ar:core:1.10.0] AndroidManifest.xml:26:5-28:41
MERGED from [:NativeCamera:] AndroidManifest.xml:11:2-43
MERGED from [:NativeCamera:] AndroidManifest.xml:11:2-43
MERGED from [:VuforiaWrapper:] AndroidManifest.xml:7:5-44
MERGED from [:VuforiaWrapper:] AndroidManifest.xml:7:5-44
MERGED from [:animated-vector-drawable-25.1.0:] AndroidManifest.xml:20:5-44
MERGED from [:animated-vector-drawable-25.1.0:] AndroidManifest.xml:20:5-44
MERGED from [:appcompat-v7-25.1.0:] AndroidManifest.xml:21:5-23:78
MERGED from [:appcompat-v7-25.1.0:] AndroidManifest.xml:21:5-23:78
MERGED from [:com.mapbox.android.unity-debug:] AndroidManifest.xml:7:5-9:41
MERGED from [:com.mapbox.android.unity-debug:] AndroidManifest.xml:7:5-9:41
MERGED from [:libcore-release:] AndroidManifest.xml:7:5-9:41
MERGED from [:libcore-release:] AndroidManifest.xml:7:5-9:41
MERGED from [:libtelemetry-full-release:] AndroidManifest.xml:7:5-9:41
MERGED from [:libtelemetry-full-release:] AndroidManifest.xml:7:5-9:41
MERGED from [:support-compat-25.1.0:] AndroidManifest.xml:21:5-23:58
MERGED from [:support-compat-25.1.0:] AndroidManifest.xml:21:5-23:58
MERGED from [:support-core-ui-25.1.0:] AndroidManifest.xml:21:5-23:58
MERGED from [:support-core-ui-25.1.0:] AndroidManifest.xml:21:5-23:58
MERGED from [:support-core-utils-25.1.0:] AndroidManifest.xml:21:5-23:61
MERGED from [:support-core-utils-25.1.0:] AndroidManifest.xml:21:5-23:61
MERGED from [:support-media-compat-25.1.0:] AndroidManifest.xml:21:5-23:63
MERGED from [:support-media-compat-25.1.0:] AndroidManifest.xml:21:5-23:63
MERGED from [:support-v4-25.1.0:] AndroidManifest.xml:21:5-23:54
MERGED from [:support-v4-25.1.0:] AndroidManifest.xml:21:5-23:54
MERGED from [:support-vector-drawable-25.1.0:] AndroidManifest.xml:21:5-43
MERGED from [:support-vector-drawable-25.1.0:] AndroidManifest.xml:21:5-43
INJECTED from src/main/AndroidManifest.xml
INJECTED from src/main/AndroidManifest.xml
	tools:overrideLibrary
		ADDED from [:appcompat-v7-25.1.0:] AndroidManifest.xml:23:9-75
	android:targetSdkVersion
		INJECTED from src/main/AndroidManifest.xml
		ADDED from src/main/AndroidManifest.xml
		INJECTED from src/main/AndroidManifest.xml
	android:minSdkVersion
		INJECTED from src/main/AndroidManifest.xml
		ADDED from src/main/AndroidManifest.xml
		MERGED from src/main/AndroidManifest.xml
		INJECTED from src/main/AndroidManifest.xml
uses-feature#0x00020000
ADDED from [:unityLibrary] AndroidManifest.xml:13:5-54
	android:glEsVersion
		ADDED from [:unityLibrary] AndroidManifest.xml:13:19-51
uses-permission#android.permission.INTERNET
ADDED from [:unityLibrary] AndroidManifest.xml:15:5-67
MERGED from [:VuforiaWrapper:] AndroidManifest.xml:11:5-67
MERGED from [:VuforiaWrapper:] AndroidManifest.xml:11:5-67
MERGED from [:libtelemetry-full-release:] AndroidManifest.xml:16:5-67
MERGED from [:libtelemetry-full-release:] AndroidManifest.xml:16:5-67
	android:name
		ADDED from [:unityLibrary] AndroidManifest.xml:15:22-64
uses-permission#android.permission.ACCESS_NETWORK_STATE
ADDED from [:unityLibrary] AndroidManifest.xml:16:5-79
MERGED from [:VuforiaWrapper:] AndroidManifest.xml:13:5-79
MERGED from [:VuforiaWrapper:] AndroidManifest.xml:13:5-79
MERGED from [:libcore-release:] AndroidManifest.xml:12:5-79
MERGED from [:libcore-release:] AndroidManifest.xml:12:5-79
MERGED from [:libtelemetry-full-release:] AndroidManifest.xml:14:5-79
MERGED from [:libtelemetry-full-release:] AndroidManifest.xml:14:5-79
	android:name
		ADDED from [:unityLibrary] AndroidManifest.xml:16:22-76
uses-permission#android.permission.ACCESS_COARSE_LOCATION
ADDED from [:unityLibrary] AndroidManifest.xml:17:5-81
MERGED from [:com.mapbox.android.unity-debug:] AndroidManifest.xml:12:5-81
MERGED from [:com.mapbox.android.unity-debug:] AndroidManifest.xml:12:5-81
	android:name
		ADDED from [:unityLibrary] AndroidManifest.xml:17:22-78
uses-feature#android.hardware.location.gps
ADDED from [:unityLibrary] AndroidManifest.xml:19:5-21:36
MERGED from [:com.mapbox.android.unity-debug:] AndroidManifest.xml:14:5-16:35
MERGED from [:com.mapbox.android.unity-debug:] AndroidManifest.xml:14:5-16:35
	android:required
		ADDED from [:unityLibrary] AndroidManifest.xml:21:9-33
	android:name
		ADDED from [:unityLibrary] AndroidManifest.xml:20:9-53
uses-feature#android.hardware.location
ADDED from [:unityLibrary] AndroidManifest.xml:22:5-24:36
	android:required
		ADDED from [:unityLibrary] AndroidManifest.xml:24:9-33
	android:name
		ADDED from [:unityLibrary] AndroidManifest.xml:23:9-49
uses-permission#android.permission.CAMERA
ADDED from [:unityLibrary] AndroidManifest.xml:26:5-65
MERGED from [:VuforiaWrapper:] AndroidManifest.xml:12:5-65
MERGED from [:VuforiaWrapper:] AndroidManifest.xml:12:5-65
	android:name
		ADDED from [:unityLibrary] AndroidManifest.xml:26:22-62
uses-feature#android.hardware.camera
ADDED from [:unityLibrary] AndroidManifest.xml:28:5-30:36
MERGED from [:NativeCamera:] AndroidManifest.xml:12:2-82
MERGED from [:NativeCamera:] AndroidManifest.xml:12:2-82
MERGED from [:VuforiaWrapper:] AndroidManifest.xml:9:5-60
MERGED from [:VuforiaWrapper:] AndroidManifest.xml:9:5-60
	android:required
		ADDED from [:unityLibrary] AndroidManifest.xml:30:9-33
		MERGED from src/main/AndroidManifest.xml
	android:name
		ADDED from [:unityLibrary] AndroidManifest.xml:29:9-47
uses-feature#android.hardware.camera.autofocus
ADDED from [:unityLibrary] AndroidManifest.xml:31:5-33:36
	android:required
		ADDED from [:unityLibrary] AndroidManifest.xml:33:9-33
	android:name
		ADDED from [:unityLibrary] AndroidManifest.xml:32:9-57
uses-feature#android.hardware.camera.front
ADDED from [:unityLibrary] AndroidManifest.xml:34:5-36:36
	android:required
		ADDED from [:unityLibrary] AndroidManifest.xml:36:9-33
	android:name
		ADDED from [:unityLibrary] AndroidManifest.xml:35:9-53
uses-feature#android.hardware.touchscreen
ADDED from [:unityLibrary] AndroidManifest.xml:37:5-39:36
	android:required
		ADDED from [:unityLibrary] AndroidManifest.xml:39:9-33
	android:name
		ADDED from [:unityLibrary] AndroidManifest.xml:38:9-52
uses-feature#android.hardware.touchscreen.multitouch
ADDED from [:unityLibrary] AndroidManifest.xml:40:5-42:36
	android:required
		ADDED from [:unityLibrary] AndroidManifest.xml:42:9-33
	android:name
		ADDED from [:unityLibrary] AndroidManifest.xml:41:9-63
uses-feature#android.hardware.touchscreen.multitouch.distinct
ADDED from [:unityLibrary] AndroidManifest.xml:43:5-45:36
	android:required
		ADDED from [:unityLibrary] AndroidManifest.xml:45:9-33
	android:name
		ADDED from [:unityLibrary] AndroidManifest.xml:44:9-72
activity#com.unity3d.player.UnityPlayerActivity
ADDED from [:unityLibrary] AndroidManifest.xml:48:9-64:20
	android:screenOrientation
		ADDED from [:unityLibrary] AndroidManifest.xml:53:13-55
	android:launchMode
		ADDED from [:unityLibrary] AndroidManifest.xml:52:13-44
	android:hardwareAccelerated
		ADDED from [:unityLibrary] AndroidManifest.xml:51:13-48
	android:configChanges
		ADDED from [:unityLibrary] AndroidManifest.xml:50:13-194
	android:theme
		ADDED from [:unityLibrary] AndroidManifest.xml:54:13-54
	android:name
		ADDED from [:unityLibrary] AndroidManifest.xml:49:13-66
intent-filter#action:name:android.intent.action.MAIN+category:name:android.intent.category.LAUNCHER
ADDED from [:unityLibrary] AndroidManifest.xml:55:13-59:29
action#android.intent.action.MAIN
ADDED from [:unityLibrary] AndroidManifest.xml:56:17-69
	android:name
		ADDED from [:unityLibrary] AndroidManifest.xml:56:25-66
category#android.intent.category.LAUNCHER
ADDED from [:unityLibrary] AndroidManifest.xml:58:17-77
	android:name
		ADDED from [:unityLibrary] AndroidManifest.xml:58:27-74
meta-data#unityplayer.UnityActivity
ADDED from [:unityLibrary] AndroidManifest.xml:61:13-63:40
	android:value
		ADDED from [:unityLibrary] AndroidManifest.xml:63:17-37
	android:name
		ADDED from [:unityLibrary] AndroidManifest.xml:62:17-57
meta-data#unity.splash-mode
ADDED from [:unityLibrary] AndroidManifest.xml:66:9-68:33
	android:value
		ADDED from [:unityLibrary] AndroidManifest.xml:68:13-30
	android:name
		ADDED from [:unityLibrary] AndroidManifest.xml:67:13-45
meta-data#unity.splash-enable
ADDED from [:unityLibrary] AndroidManifest.xml:69:9-71:36
	android:value
		ADDED from [:unityLibrary] AndroidManifest.xml:71:13-33
	android:name
		ADDED from [:unityLibrary] AndroidManifest.xml:70:13-47
meta-data#unity.build-id
ADDED from [:unityLibrary] AndroidManifest.xml:72:9-74:68
	android:value
		ADDED from [:unityLibrary] AndroidManifest.xml:74:13-65
	android:name
		ADDED from [:unityLibrary] AndroidManifest.xml:73:13-42
meta-data#com.google.ar.core
ADDED from [:unityLibrary] AndroidManifest.xml:75:9-77:40
	android:value
		ADDED from [:unityLibrary] AndroidManifest.xml:77:13-37
	android:name
		ADDED from [:unityLibrary] AndroidManifest.xml:76:13-46
meta-data#com.google.ar.core.min_apk_version
ADDED from [com.google.ar:core:1.10.0] AndroidManifest.xml:33:9-35:41
	android:value
		ADDED from [com.google.ar:core:1.10.0] AndroidManifest.xml:35:13-38
	android:name
		ADDED from [com.google.ar:core:1.10.0] AndroidManifest.xml:34:13-62
activity#com.google.ar.core.InstallActivity
ADDED from [com.google.ar:core:1.10.0] AndroidManifest.xml:37:9-43:80
	android:excludeFromRecents
		ADDED from [com.google.ar:core:1.10.0] AndroidManifest.xml:40:13-46
	android:launchMode
		ADDED from [com.google.ar:core:1.10.0] AndroidManifest.xml:42:13-43
	android:exported
		ADDED from [com.google.ar:core:1.10.0] AndroidManifest.xml:41:13-37
	android:configChanges
		ADDED from [com.google.ar:core:1.10.0] AndroidManifest.xml:39:13-74
	android:theme
		ADDED from [com.google.ar:core:1.10.0] AndroidManifest.xml:43:13-77
	android:name
		ADDED from [com.google.ar:core:1.10.0] AndroidManifest.xml:38:13-62
provider#com.yasirkula.unity.NativeCameraContentProvider
ADDED from [:NativeCamera:] AndroidManifest.xml:4:3-8:42
	android:grantUriPermissions
		ADDED from [:NativeCamera:] AndroidManifest.xml:8:5-39
	android:authorities
		ADDED from [:NativeCamera:] AndroidManifest.xml:6:5-71
	android:exported
		ADDED from [:NativeCamera:] AndroidManifest.xml:7:5-29
	android:name
		ADDED from [:NativeCamera:] AndroidManifest.xml:5:5-67
uses-permission#android.permission.READ_EXTERNAL_STORAGE
ADDED from [:NativeCamera:] AndroidManifest.xml:13:2-77
	android:name
		ADDED from [:NativeCamera:] AndroidManifest.xml:13:19-74
uses-permission#android.permission.WRITE_EXTERNAL_STORAGE
ADDED from [:NativeCamera:] AndroidManifest.xml:14:5-81
	android:name
		ADDED from [:NativeCamera:] AndroidManifest.xml:14:22-78
uses-permission#android.permission.ACCESS_FINE_LOCATION
ADDED from [:com.mapbox.android.unity-debug:] AndroidManifest.xml:11:5-79
MERGED from [:libcore-release:] AndroidManifest.xml:11:5-79
MERGED from [:libcore-release:] AndroidManifest.xml:11:5-79
MERGED from [:libtelemetry-full-release:] AndroidManifest.xml:13:5-79
MERGED from [:libtelemetry-full-release:] AndroidManifest.xml:13:5-79
	android:name
		ADDED from [:com.mapbox.android.unity-debug:] AndroidManifest.xml:11:22-76
uses-permission#android.permission.WAKE_LOCK
ADDED from [:libtelemetry-full-release:] AndroidManifest.xml:12:5-68
	android:name
		ADDED from [:libtelemetry-full-release:] AndroidManifest.xml:12:22-65
uses-permission#android.permission.ACCESS_WIFI_STATE
ADDED from [:libtelemetry-full-release:] AndroidManifest.xml:15:5-76
	android:name
		ADDED from [:libtelemetry-full-release:] AndroidManifest.xml:15:22-73
provider#com.mapbox.android.telemetry.provider.MapboxTelemetryInitProvider
ADDED from [:libtelemetry-full-release:] AndroidManifest.xml:19:9-23:39
	android:authorities
		ADDED from [:libtelemetry-full-release:] AndroidManifest.xml:21:13-79
	android:exported
		ADDED from [:libtelemetry-full-release:] AndroidManifest.xml:22:13-37
	android:initOrder
		ADDED from [:libtelemetry-full-release:] AndroidManifest.xml:23:13-36
	android:name
		ADDED from [:libtelemetry-full-release:] AndroidManifest.xml:20:13-93
service#com.mapbox.android.telemetry.crash.CrashReporterJobIntentService
ADDED from [:libtelemetry-full-release:] AndroidManifest.xml:25:9-27:72
	android:permission
		ADDED from [:libtelemetry-full-release:] AndroidManifest.xml:27:13-69
	android:name
		ADDED from [:libtelemetry-full-release:] AndroidManifest.xml:26:13-92